<?xml version="1.0" encoding="UTF-8"?>
<testng-results ignored="0" total="2" passed="2" failed="0" skipped="0">
  <reporter-output>
  </reporter-output>
  <suite started-at="2021-08-24T21:43:08 IST" name="Suite" finished-at="2021-08-24T21:43:25 IST" duration-ms="16417">
    <groups>
    </groups>
    <test started-at="2021-08-24T21:43:08 IST" name="Test" finished-at="2021-08-24T21:43:20 IST" duration-ms="12185">
      <class name="testcases.Pendingleave">
        <test-method signature="pendingleave()[pri:0, instance:testcases.Pendingleave@6dee4f1b]" started-at="2021-08-24T21:43:08 IST" name="pendingleave" finished-at="2021-08-24T21:43:20 IST" duration-ms="11948" status="PASS">
          <reporter-output>
          </reporter-output>
        </test-method> <!-- pendingleave -->
      </class> <!-- testcases.Pendingleave -->
    </test> <!-- Test -->
    <test started-at="2021-08-24T21:43:21 IST" name="Test1" finished-at="2021-08-24T21:43:25 IST" duration-ms="3664">
      <class name="testcases.Admin_role">
        <test-method is-config="true" signature="getBrowser()[pri:0, instance:testcases.Admin_role@2dc995f4]" started-at="2021-08-24T21:42:48 IST" name="getBrowser" finished-at="2021-08-24T21:43:08 IST" duration-ms="20396" status="PASS">
          <reporter-output>
          </reporter-output>
        </test-method> <!-- getBrowser -->
        <test-method signature="login()[pri:0, instance:testcases.Admin_role@2dc995f4]" started-at="2021-08-24T21:43:21 IST" name="login" finished-at="2021-08-24T21:43:25 IST" duration-ms="3658" status="PASS">
          <reporter-output>
          </reporter-output>
        </test-method> <!-- login -->
        <test-method is-config="true" signature="teardown()[pri:0, instance:testcases.Admin_role@2dc995f4]" started-at="2021-08-24T21:43:25 IST" name="teardown" finished-at="2021-08-24T21:43:26 IST" duration-ms="1431" status="PASS">
          <reporter-output>
          </reporter-output>
        </test-method> <!-- teardown -->
      </class> <!-- testcases.Admin_role -->
    </test> <!-- Test1 -->
  </suite> <!-- Suite -->
</testng-results>
